---------------------------------------------------------------
[ 2018-08-11T11:46:03+08:00 ] 127.0.0.1 127.0.0.1 GET /yucolabcms/public/admin/index/index?userid=y5gq*3YhOp1t
[ info ] 127.0.0.1/yucolabcms/public/admin/index/index?userid=y5gq*3YhOp1t [运行时间：0.115723s][吞吐率：8.64req/s] [内存消耗：1,594.55kb] [文件加载：31]
[ info ] [ ROUTE ] array (
  'type' => 'module',
  'module' => 
  array (
    0 => 'admin',
    1 => 'index',
    2 => 'index',
  ),
)
[ info ] [ HEADER ] array (
  'host' => '127.0.0.1',
  'connection' => 'keep-alive',
  'upgrade-insecure-requests' => '1',
  'user-agent' => 'Mozilla/5.0 (Macintosh; Intel Mac OS X 10_13_6) AppleWebKit/537.36 (KHTML, like Gecko) Chrome/67.0.3396.99 Safari/537.36',
  'accept' => 'text/html,application/xhtml+xml,application/xml;q=0.9,image/webp,image/apng,*/*;q=0.8',
  'accept-encoding' => 'gzip, deflate, br',
  'accept-language' => 'zh-CN,zh;q=0.9',
  'cookie' => 'PHPSESSID=baf1442f220f041ff2a6ad82cb43dc71',
)
[ info ] [ PARAM ] array (
  'userid' => 'y5gq*3YhOp1t',
)
[ info ] [ LANG ] /Users/gangh/php/yucolabcms/public/../app/admin/lang/en-us.php
[ info ] [ LOG ] INIT File
---------------------------------------------------------------
[ 2018-08-11T11:46:34+08:00 ] 127.0.0.1 127.0.0.1 GET /yucolabcms/public/admin/index/index?userid=y5gq*3YhOp1t
[ info ] 127.0.0.1/yucolabcms/public/admin/index/index?userid=y5gq*3YhOp1t [运行时间：0.044281s][吞吐率：22.58req/s] [内存消耗：1,679.57kb] [文件加载：34]
[ info ] [ ROUTE ] array (
  'type' => 'module',
  'module' => 
  array (
    0 => 'admin',
    1 => 'index',
    2 => 'index',
  ),
)
[ info ] [ HEADER ] array (
  'host' => '127.0.0.1',
  'connection' => 'keep-alive',
  'cache-control' => 'max-age=0',
  'upgrade-insecure-requests' => '1',
  'user-agent' => 'Mozilla/5.0 (Macintosh; Intel Mac OS X 10_13_6) AppleWebKit/537.36 (KHTML, like Gecko) Chrome/67.0.3396.99 Safari/537.36',
  'accept' => 'text/html,application/xhtml+xml,application/xml;q=0.9,image/webp,image/apng,*/*;q=0.8',
  'accept-encoding' => 'gzip, deflate, br',
  'accept-language' => 'zh-CN,zh;q=0.9',
  'cookie' => 'PHPSESSID=baf1442f220f041ff2a6ad82cb43dc71',
)
[ info ] [ PARAM ] array (
  'userid' => 'y5gq*3YhOp1t',
)
[ info ] [ LANG ] /Users/gangh/php/yucolabcms/public/../app/admin/lang/en-us.php
[ info ] [ RUN ] app\admin\controller\Index->index[ /Users/gangh/php/yucolabcms/app/admin/controller/Index.php ]
[ info ] [ LOG ] INIT File
[ error ] [8]Undefined variable: config[/Users/gangh/php/yucolabcms/app/admin/controller/Index.php:10]
---------------------------------------------------------------
[ 2018-08-11T11:46:35+08:00 ] 127.0.0.1 127.0.0.1 GET /yucolabcms/public/admin/index/index?userid=y5gq*3YhOp1t
[ info ] 127.0.0.1/yucolabcms/public/admin/index/index?userid=y5gq*3YhOp1t [运行时间：0.023069s][吞吐率：43.35req/s] [内存消耗：1,679.57kb] [文件加载：34]
[ info ] [ ROUTE ] array (
  'type' => 'module',
  'module' => 
  array (
    0 => 'admin',
    1 => 'index',
    2 => 'index',
  ),
)
[ info ] [ HEADER ] array (
  'host' => '127.0.0.1',
  'connection' => 'keep-alive',
  'cache-control' => 'max-age=0',
  'upgrade-insecure-requests' => '1',
  'user-agent' => 'Mozilla/5.0 (Macintosh; Intel Mac OS X 10_13_6) AppleWebKit/537.36 (KHTML, like Gecko) Chrome/67.0.3396.99 Safari/537.36',
  'accept' => 'text/html,application/xhtml+xml,application/xml;q=0.9,image/webp,image/apng,*/*;q=0.8',
  'accept-encoding' => 'gzip, deflate, br',
  'accept-language' => 'zh-CN,zh;q=0.9',
  'cookie' => 'PHPSESSID=baf1442f220f041ff2a6ad82cb43dc71',
)
[ info ] [ PARAM ] array (
  'userid' => 'y5gq*3YhOp1t',
)
[ info ] [ LANG ] /Users/gangh/php/yucolabcms/public/../app/admin/lang/en-us.php
[ info ] [ RUN ] app\admin\controller\Index->index[ /Users/gangh/php/yucolabcms/app/admin/controller/Index.php ]
[ info ] [ LOG ] INIT File
[ error ] [8]Undefined variable: config[/Users/gangh/php/yucolabcms/app/admin/controller/Index.php:10]
---------------------------------------------------------------
[ 2018-08-11T11:46:35+08:00 ] 127.0.0.1 127.0.0.1 GET /yucolabcms/public/admin/index/index?userid=y5gq*3YhOp1t
[ info ] 127.0.0.1/yucolabcms/public/admin/index/index?userid=y5gq*3YhOp1t [运行时间：0.024419s][吞吐率：40.95req/s] [内存消耗：1,679.57kb] [文件加载：34]
[ info ] [ ROUTE ] array (
  'type' => 'module',
  'module' => 
  array (
    0 => 'admin',
    1 => 'index',
    2 => 'index',
  ),
)
[ info ] [ HEADER ] array (
  'host' => '127.0.0.1',
  'connection' => 'keep-alive',
  'cache-control' => 'max-age=0',
  'upgrade-insecure-requests' => '1',
  'user-agent' => 'Mozilla/5.0 (Macintosh; Intel Mac OS X 10_13_6) AppleWebKit/537.36 (KHTML, like Gecko) Chrome/67.0.3396.99 Safari/537.36',
  'accept' => 'text/html,application/xhtml+xml,application/xml;q=0.9,image/webp,image/apng,*/*;q=0.8',
  'accept-encoding' => 'gzip, deflate, br',
  'accept-language' => 'zh-CN,zh;q=0.9',
  'cookie' => 'PHPSESSID=baf1442f220f041ff2a6ad82cb43dc71',
)
[ info ] [ PARAM ] array (
  'userid' => 'y5gq*3YhOp1t',
)
[ info ] [ LANG ] /Users/gangh/php/yucolabcms/public/../app/admin/lang/en-us.php
[ info ] [ RUN ] app\admin\controller\Index->index[ /Users/gangh/php/yucolabcms/app/admin/controller/Index.php ]
[ info ] [ LOG ] INIT File
[ error ] [8]Undefined variable: config[/Users/gangh/php/yucolabcms/app/admin/controller/Index.php:10]
---------------------------------------------------------------
[ 2018-08-11T11:46:36+08:00 ] 127.0.0.1 127.0.0.1 GET /yucolabcms/public/admin/index/index?userid=y5gq*3YhOp1t
[ info ] 127.0.0.1/yucolabcms/public/admin/index/index?userid=y5gq*3YhOp1t [运行时间：0.025033s][吞吐率：39.95req/s] [内存消耗：1,679.57kb] [文件加载：34]
[ info ] [ ROUTE ] array (
  'type' => 'module',
  'module' => 
  array (
    0 => 'admin',
    1 => 'index',
    2 => 'index',
  ),
)
[ info ] [ HEADER ] array (
  'host' => '127.0.0.1',
  'connection' => 'keep-alive',
  'cache-control' => 'max-age=0',
  'upgrade-insecure-requests' => '1',
  'user-agent' => 'Mozilla/5.0 (Macintosh; Intel Mac OS X 10_13_6) AppleWebKit/537.36 (KHTML, like Gecko) Chrome/67.0.3396.99 Safari/537.36',
  'accept' => 'text/html,application/xhtml+xml,application/xml;q=0.9,image/webp,image/apng,*/*;q=0.8',
  'accept-encoding' => 'gzip, deflate, br',
  'accept-language' => 'zh-CN,zh;q=0.9',
  'cookie' => 'PHPSESSID=baf1442f220f041ff2a6ad82cb43dc71',
)
[ info ] [ PARAM ] array (
  'userid' => 'y5gq*3YhOp1t',
)
[ info ] [ LANG ] /Users/gangh/php/yucolabcms/public/../app/admin/lang/en-us.php
[ info ] [ RUN ] app\admin\controller\Index->index[ /Users/gangh/php/yucolabcms/app/admin/controller/Index.php ]
[ info ] [ LOG ] INIT File
[ error ] [8]Undefined variable: config[/Users/gangh/php/yucolabcms/app/admin/controller/Index.php:10]
---------------------------------------------------------------
[ 2018-08-11T11:46:36+08:00 ] 127.0.0.1 127.0.0.1 GET /yucolabcms/public/admin/index/index?userid=y5gq*3YhOp1t
[ info ] 127.0.0.1/yucolabcms/public/admin/index/index?userid=y5gq*3YhOp1t [运行时间：0.024353s][吞吐率：41.06req/s] [内存消耗：1,679.57kb] [文件加载：34]
[ info ] [ ROUTE ] array (
  'type' => 'module',
  'module' => 
  array (
    0 => 'admin',
    1 => 'index',
    2 => 'index',
  ),
)
[ info ] [ HEADER ] array (
  'host' => '127.0.0.1',
  'connection' => 'keep-alive',
  'cache-control' => 'max-age=0',
  'upgrade-insecure-requests' => '1',
  'user-agent' => 'Mozilla/5.0 (Macintosh; Intel Mac OS X 10_13_6) AppleWebKit/537.36 (KHTML, like Gecko) Chrome/67.0.3396.99 Safari/537.36',
  'accept' => 'text/html,application/xhtml+xml,application/xml;q=0.9,image/webp,image/apng,*/*;q=0.8',
  'accept-encoding' => 'gzip, deflate, br',
  'accept-language' => 'zh-CN,zh;q=0.9',
  'cookie' => 'PHPSESSID=baf1442f220f041ff2a6ad82cb43dc71',
)
[ info ] [ PARAM ] array (
  'userid' => 'y5gq*3YhOp1t',
)
[ info ] [ LANG ] /Users/gangh/php/yucolabcms/public/../app/admin/lang/en-us.php
[ info ] [ RUN ] app\admin\controller\Index->index[ /Users/gangh/php/yucolabcms/app/admin/controller/Index.php ]
[ info ] [ LOG ] INIT File
[ error ] [8]Undefined variable: config[/Users/gangh/php/yucolabcms/app/admin/controller/Index.php:10]
---------------------------------------------------------------
[ 2018-08-11T11:46:56+08:00 ] 127.0.0.1 127.0.0.1 GET /yucolabcms/public/admin/index/index?userid=y5gq*3YhOp1t
[ info ] 127.0.0.1/yucolabcms/public/admin/index/index?userid=y5gq*3YhOp1t [运行时间：0.090411s][吞吐率：11.06req/s] [内存消耗：1,795.16kb] [文件加载：37]
[ info ] [ ROUTE ] array (
  'type' => 'module',
  'module' => 
  array (
    0 => 'admin',
    1 => 'index',
    2 => 'index',
  ),
)
[ info ] [ HEADER ] array (
  'host' => '127.0.0.1',
  'connection' => 'keep-alive',
  'cache-control' => 'max-age=0',
  'upgrade-insecure-requests' => '1',
  'user-agent' => 'Mozilla/5.0 (Macintosh; Intel Mac OS X 10_13_6) AppleWebKit/537.36 (KHTML, like Gecko) Chrome/67.0.3396.99 Safari/537.36',
  'accept' => 'text/html,application/xhtml+xml,application/xml;q=0.9,image/webp,image/apng,*/*;q=0.8',
  'accept-encoding' => 'gzip, deflate, br',
  'accept-language' => 'zh-CN,zh;q=0.9',
  'cookie' => 'PHPSESSID=baf1442f220f041ff2a6ad82cb43dc71',
)
[ info ] [ PARAM ] array (
  'userid' => 'y5gq*3YhOp1t',
)
[ info ] [ LANG ] /Users/gangh/php/yucolabcms/public/../app/admin/lang/en-us.php
[ info ] [ RUN ] app\admin\controller\Index->index[ /Users/gangh/php/yucolabcms/app/admin/controller/Index.php ]
[ info ] [ LOG ] INIT File
[ error ] [8]Undefined variable: config[/Users/gangh/php/yucolabcms/app/admin/controller/Index.php:10]
[ error ] [1]Function name must be a string[/Users/gangh/php/yucolabcms/app/admin/controller/Index.php:10]
---------------------------------------------------------------
[ 2018-08-11T11:47:02+08:00 ] 127.0.0.1 127.0.0.1 GET /yucolabcms/public/admin/index/index?userid=y5gq*3YhOp1t
[ info ] 127.0.0.1/yucolabcms/public/admin/index/index?userid=y5gq*3YhOp1t [运行时间：0.037609s][吞吐率：26.59req/s] [内存消耗：1,595.45kb] [文件加载：31]
[ info ] [ ROUTE ] array (
  'type' => 'module',
  'module' => 
  array (
    0 => 'admin',
    1 => 'index',
    2 => 'index',
  ),
)
[ info ] [ HEADER ] array (
  'host' => '127.0.0.1',
  'connection' => 'keep-alive',
  'cache-control' => 'max-age=0',
  'upgrade-insecure-requests' => '1',
  'user-agent' => 'Mozilla/5.0 (Macintosh; Intel Mac OS X 10_13_6) AppleWebKit/537.36 (KHTML, like Gecko) Chrome/67.0.3396.99 Safari/537.36',
  'accept' => 'text/html,application/xhtml+xml,application/xml;q=0.9,image/webp,image/apng,*/*;q=0.8',
  'accept-encoding' => 'gzip, deflate, br',
  'accept-language' => 'zh-CN,zh;q=0.9',
  'cookie' => 'PHPSESSID=baf1442f220f041ff2a6ad82cb43dc71',
)
[ info ] [ PARAM ] array (
  'userid' => 'y5gq*3YhOp1t',
)
[ info ] [ LANG ] /Users/gangh/php/yucolabcms/public/../app/admin/lang/en-us.php
[ info ] [ RUN ] app\admin\controller\Index->index[ /Users/gangh/php/yucolabcms/app/admin/controller/Index.php ]
[ info ] [ LOG ] INIT File
---------------------------------------------------------------
[ 2018-08-11T11:47:03+08:00 ] 127.0.0.1 127.0.0.1 GET /yucolabcms/public/admin/index/index?userid=y5gq*3YhOp1t
[ info ] 127.0.0.1/yucolabcms/public/admin/index/index?userid=y5gq*3YhOp1t [运行时间：0.026189s][吞吐率：38.18req/s] [内存消耗：1,595.45kb] [文件加载：31]
[ info ] [ ROUTE ] array (
  'type' => 'module',
  'module' => 
  array (
    0 => 'admin',
    1 => 'index',
    2 => 'index',
  ),
)
[ info ] [ HEADER ] array (
  'host' => '127.0.0.1',
  'connection' => 'keep-alive',
  'cache-control' => 'max-age=0',
  'upgrade-insecure-requests' => '1',
  'user-agent' => 'Mozilla/5.0 (Macintosh; Intel Mac OS X 10_13_6) AppleWebKit/537.36 (KHTML, like Gecko) Chrome/67.0.3396.99 Safari/537.36',
  'accept' => 'text/html,application/xhtml+xml,application/xml;q=0.9,image/webp,image/apng,*/*;q=0.8',
  'accept-encoding' => 'gzip, deflate, br',
  'accept-language' => 'zh-CN,zh;q=0.9',
  'cookie' => 'PHPSESSID=baf1442f220f041ff2a6ad82cb43dc71',
)
[ info ] [ PARAM ] array (
  'userid' => 'y5gq*3YhOp1t',
)
[ info ] [ LANG ] /Users/gangh/php/yucolabcms/public/../app/admin/lang/en-us.php
[ info ] [ RUN ] app\admin\controller\Index->index[ /Users/gangh/php/yucolabcms/app/admin/controller/Index.php ]
[ info ] [ LOG ] INIT File
---------------------------------------------------------------
[ 2018-08-11T11:47:03+08:00 ] 127.0.0.1 127.0.0.1 GET /yucolabcms/public/admin/index/index?userid=y5gq*3YhOp1t
[ info ] 127.0.0.1/yucolabcms/public/admin/index/index?userid=y5gq*3YhOp1t [运行时间：0.024968s][吞吐率：40.05req/s] [内存消耗：1,595.45kb] [文件加载：31]
[ info ] [ ROUTE ] array (
  'type' => 'module',
  'module' => 
  array (
    0 => 'admin',
    1 => 'index',
    2 => 'index',
  ),
)
[ info ] [ HEADER ] array (
  'host' => '127.0.0.1',
  'connection' => 'keep-alive',
  'cache-control' => 'max-age=0',
  'upgrade-insecure-requests' => '1',
  'user-agent' => 'Mozilla/5.0 (Macintosh; Intel Mac OS X 10_13_6) AppleWebKit/537.36 (KHTML, like Gecko) Chrome/67.0.3396.99 Safari/537.36',
  'accept' => 'text/html,application/xhtml+xml,application/xml;q=0.9,image/webp,image/apng,*/*;q=0.8',
  'accept-encoding' => 'gzip, deflate, br',
  'accept-language' => 'zh-CN,zh;q=0.9',
  'cookie' => 'PHPSESSID=baf1442f220f041ff2a6ad82cb43dc71',
)
[ info ] [ PARAM ] array (
  'userid' => 'y5gq*3YhOp1t',
)
[ info ] [ LANG ] /Users/gangh/php/yucolabcms/public/../app/admin/lang/en-us.php
[ info ] [ RUN ] app\admin\controller\Index->index[ /Users/gangh/php/yucolabcms/app/admin/controller/Index.php ]
[ info ] [ LOG ] INIT File
---------------------------------------------------------------
[ 2018-08-11T11:47:07+08:00 ] 127.0.0.1 127.0.0.1 GET /yucolabcms/public/admin/index/index?userid=y5gq*3YhOp1t
[ info ] 127.0.0.1/yucolabcms/public/admin/index/index?userid=y5gq*3YhOp1t [运行时间：0.019899s][吞吐率：50.25req/s] [内存消耗：1,595.45kb] [文件加载：31]
[ info ] [ ROUTE ] array (
  'type' => 'module',
  'module' => 
  array (
    0 => 'admin',
    1 => 'index',
    2 => 'index',
  ),
)
[ info ] [ HEADER ] array (
  'host' => '127.0.0.1',
  'connection' => 'keep-alive',
  'cache-control' => 'max-age=0',
  'upgrade-insecure-requests' => '1',
  'user-agent' => 'Mozilla/5.0 (Macintosh; Intel Mac OS X 10_13_6) AppleWebKit/537.36 (KHTML, like Gecko) Chrome/67.0.3396.99 Safari/537.36',
  'accept' => 'text/html,application/xhtml+xml,application/xml;q=0.9,image/webp,image/apng,*/*;q=0.8',
  'accept-encoding' => 'gzip, deflate, br',
  'accept-language' => 'zh-CN,zh;q=0.9',
  'cookie' => 'PHPSESSID=baf1442f220f041ff2a6ad82cb43dc71',
)
[ info ] [ PARAM ] array (
  'userid' => 'y5gq*3YhOp1t',
)
[ info ] [ LANG ] /Users/gangh/php/yucolabcms/public/../app/admin/lang/en-us.php
[ info ] [ RUN ] app\admin\controller\Index->index[ /Users/gangh/php/yucolabcms/app/admin/controller/Index.php ]
[ info ] [ LOG ] INIT File
---------------------------------------------------------------
[ 2018-08-11T11:47:07+08:00 ] 127.0.0.1 127.0.0.1 GET /yucolabcms/public/admin/index/index?userid=y5gq*3YhOp1t
[ info ] 127.0.0.1/yucolabcms/public/admin/index/index?userid=y5gq*3YhOp1t [运行时间：0.018569s][吞吐率：53.85req/s] [内存消耗：1,595.45kb] [文件加载：31]
[ info ] [ ROUTE ] array (
  'type' => 'module',
  'module' => 
  array (
    0 => 'admin',
    1 => 'index',
    2 => 'index',
  ),
)
[ info ] [ HEADER ] array (
  'host' => '127.0.0.1',
  'connection' => 'keep-alive',
  'cache-control' => 'max-age=0',
  'upgrade-insecure-requests' => '1',
  'user-agent' => 'Mozilla/5.0 (Macintosh; Intel Mac OS X 10_13_6) AppleWebKit/537.36 (KHTML, like Gecko) Chrome/67.0.3396.99 Safari/537.36',
  'accept' => 'text/html,application/xhtml+xml,application/xml;q=0.9,image/webp,image/apng,*/*;q=0.8',
  'accept-encoding' => 'gzip, deflate, br',
  'accept-language' => 'zh-CN,zh;q=0.9',
  'cookie' => 'PHPSESSID=baf1442f220f041ff2a6ad82cb43dc71',
)
[ info ] [ PARAM ] array (
  'userid' => 'y5gq*3YhOp1t',
)
[ info ] [ LANG ] /Users/gangh/php/yucolabcms/public/../app/admin/lang/en-us.php
[ info ] [ RUN ] app\admin\controller\Index->index[ /Users/gangh/php/yucolabcms/app/admin/controller/Index.php ]
[ info ] [ LOG ] INIT File
---------------------------------------------------------------
[ 2018-08-11T11:47:07+08:00 ] 127.0.0.1 127.0.0.1 GET /yucolabcms/public/admin/index/index?userid=y5gq*3YhOp1t
[ info ] 127.0.0.1/yucolabcms/public/admin/index/index?userid=y5gq*3YhOp1t [运行时间：0.022387s][吞吐率：44.67req/s] [内存消耗：1,595.45kb] [文件加载：31]
[ info ] [ ROUTE ] array (
  'type' => 'module',
  'module' => 
  array (
    0 => 'admin',
    1 => 'index',
    2 => 'index',
  ),
)
[ info ] [ HEADER ] array (
  'host' => '127.0.0.1',
  'connection' => 'keep-alive',
  'cache-control' => 'max-age=0',
  'upgrade-insecure-requests' => '1',
  'user-agent' => 'Mozilla/5.0 (Macintosh; Intel Mac OS X 10_13_6) AppleWebKit/537.36 (KHTML, like Gecko) Chrome/67.0.3396.99 Safari/537.36',
  'accept' => 'text/html,application/xhtml+xml,application/xml;q=0.9,image/webp,image/apng,*/*;q=0.8',
  'accept-encoding' => 'gzip, deflate, br',
  'accept-language' => 'zh-CN,zh;q=0.9',
  'cookie' => 'PHPSESSID=baf1442f220f041ff2a6ad82cb43dc71',
)
[ info ] [ PARAM ] array (
  'userid' => 'y5gq*3YhOp1t',
)
[ info ] [ LANG ] /Users/gangh/php/yucolabcms/public/../app/admin/lang/en-us.php
[ info ] [ RUN ] app\admin\controller\Index->index[ /Users/gangh/php/yucolabcms/app/admin/controller/Index.php ]
[ info ] [ LOG ] INIT File
---------------------------------------------------------------
[ 2018-08-11T11:47:07+08:00 ] 127.0.0.1 127.0.0.1 GET /yucolabcms/public/admin/index/index?userid=y5gq*3YhOp1t
[ info ] 127.0.0.1/yucolabcms/public/admin/index/index?userid=y5gq*3YhOp1t [运行时间：0.023680s][吞吐率：42.23req/s] [内存消耗：1,595.45kb] [文件加载：31]
[ info ] [ ROUTE ] array (
  'type' => 'module',
  'module' => 
  array (
    0 => 'admin',
    1 => 'index',
    2 => 'index',
  ),
)
[ info ] [ HEADER ] array (
  'host' => '127.0.0.1',
  'connection' => 'keep-alive',
  'cache-control' => 'max-age=0',
  'upgrade-insecure-requests' => '1',
  'user-agent' => 'Mozilla/5.0 (Macintosh; Intel Mac OS X 10_13_6) AppleWebKit/537.36 (KHTML, like Gecko) Chrome/67.0.3396.99 Safari/537.36',
  'accept' => 'text/html,application/xhtml+xml,application/xml;q=0.9,image/webp,image/apng,*/*;q=0.8',
  'accept-encoding' => 'gzip, deflate, br',
  'accept-language' => 'zh-CN,zh;q=0.9',
  'cookie' => 'PHPSESSID=baf1442f220f041ff2a6ad82cb43dc71',
)
[ info ] [ PARAM ] array (
  'userid' => 'y5gq*3YhOp1t',
)
[ info ] [ LANG ] /Users/gangh/php/yucolabcms/public/../app/admin/lang/en-us.php
[ info ] [ RUN ] app\admin\controller\Index->index[ /Users/gangh/php/yucolabcms/app/admin/controller/Index.php ]
[ info ] [ LOG ] INIT File
---------------------------------------------------------------
[ 2018-08-11T11:47:07+08:00 ] 127.0.0.1 127.0.0.1 GET /yucolabcms/public/admin/index/index?userid=y5gq*3YhOp1t
[ info ] 127.0.0.1/yucolabcms/public/admin/index/index?userid=y5gq*3YhOp1t [运行时间：0.023027s][吞吐率：43.43req/s] [内存消耗：1,595.45kb] [文件加载：31]
[ info ] [ ROUTE ] array (
  'type' => 'module',
  'module' => 
  array (
    0 => 'admin',
    1 => 'index',
    2 => 'index',
  ),
)
[ info ] [ HEADER ] array (
  'host' => '127.0.0.1',
  'connection' => 'keep-alive',
  'cache-control' => 'max-age=0',
  'upgrade-insecure-requests' => '1',
  'user-agent' => 'Mozilla/5.0 (Macintosh; Intel Mac OS X 10_13_6) AppleWebKit/537.36 (KHTML, like Gecko) Chrome/67.0.3396.99 Safari/537.36',
  'accept' => 'text/html,application/xhtml+xml,application/xml;q=0.9,image/webp,image/apng,*/*;q=0.8',
  'accept-encoding' => 'gzip, deflate, br',
  'accept-language' => 'zh-CN,zh;q=0.9',
  'cookie' => 'PHPSESSID=baf1442f220f041ff2a6ad82cb43dc71',
)
[ info ] [ PARAM ] array (
  'userid' => 'y5gq*3YhOp1t',
)
[ info ] [ LANG ] /Users/gangh/php/yucolabcms/public/../app/admin/lang/en-us.php
[ info ] [ RUN ] app\admin\controller\Index->index[ /Users/gangh/php/yucolabcms/app/admin/controller/Index.php ]
[ info ] [ LOG ] INIT File
---------------------------------------------------------------
[ 2018-08-11T11:48:18+08:00 ] 127.0.0.1 127.0.0.1 GET /yucolabcms/public/admin/index/index?userid=y5gq*3YhOp1t
[ info ] 127.0.0.1/yucolabcms/public/admin/index/index?userid=y5gq*3YhOp1t [运行时间：0.192746s][吞吐率：5.19req/s] [内存消耗：2,839.88kb] [文件加载：43]
[ info ] [ ROUTE ] array (
  'type' => 'module',
  'module' => 
  array (
    0 => 'admin',
    1 => 'index',
    2 => 'index',
  ),
)
[ info ] [ HEADER ] array (
  'host' => '127.0.0.1',
  'connection' => 'keep-alive',
  'cache-control' => 'max-age=0',
  'upgrade-insecure-requests' => '1',
  'user-agent' => 'Mozilla/5.0 (Macintosh; Intel Mac OS X 10_13_6) AppleWebKit/537.36 (KHTML, like Gecko) Chrome/67.0.3396.99 Safari/537.36',
  'accept' => 'text/html,application/xhtml+xml,application/xml;q=0.9,image/webp,image/apng,*/*;q=0.8',
  'accept-encoding' => 'gzip, deflate, br',
  'accept-language' => 'zh-CN,zh;q=0.9',
  'cookie' => 'PHPSESSID=baf1442f220f041ff2a6ad82cb43dc71',
)
[ info ] [ PARAM ] array (
  'userid' => 'y5gq*3YhOp1t',
)
[ info ] [ LANG ] /Users/gangh/php/yucolabcms/public/../app/admin/lang/en-us.php
[ info ] [ RUN ] app\admin\controller\Index->index[ /Users/gangh/php/yucolabcms/app/admin/controller/Index.php ]
[ info ] [ DB ] INIT mysql
[ info ] [ LOG ] INIT File
[ sql ] [ DB ] CONNECT:[ UseTime:0.016048s ] mysql:dbname=museum;host=127.0.0.1;port=3306;charset=utf8
[ sql ] [ SQL ] SHOW COLUMNS FROM `yu_administrator` [ RunTime:0.066686s ]
[ sql ] [ SQL ] SELECT COUNT(*) AS tp_count FROM `yu_administrator` LIMIT 1 [ RunTime:0.025769s ]
[ sql ] [ SQL ] SELECT * FROM `yu_administrator` LIMIT 0,15 [ RunTime:0.002530s ]
